[INFO] 12:55:21:286 Kernel/(7197:7197): Se cargo satisfactoriamente la configuracion
[INFO] 12:55:39:425 Kernel/(7197:7203): Nuevo valor de QUANTUM detectado -> 5
[ERROR] 12:55:43:844 Kernel/(7197:7203): No esta definida la propiedad IP_MEMORIA
[ERROR] 12:55:43:847 Kernel/(7197:7203): El archivo de configuracion no tiene todas las propiedades
[WARNING] 12:55:43:847 Kernel/(7197:7203): El archivo de configuracion quedo invalidado. Ignorando nuevos valores
[ERROR] 12:55:43:848 Kernel/(7197:7203): No esta definida la propiedad IP_MEMORIA
[ERROR] 12:55:43:848 Kernel/(7197:7203): El archivo de configuracion no tiene todas las propiedades
[WARNING] 12:55:43:849 Kernel/(7197:7203): El archivo de configuracion quedo invalidado. Ignorando nuevos valores
[INFO] 12:55:43:853 Kernel/(7197:7203): Nuevo valor de MULTIPROCESAMIENTO detectado -> 4
[INFO] 12:55:53:920 Kernel/(7197:7203): Nuevo valor de MULTIPROCESAMIENTO detectado -> 5
[ERROR] 12:55:58:265 Kernel/(7197:7203): No esta definida la propiedad IP_MEMORIA
[ERROR] 12:55:58:274 Kernel/(7197:7203): El archivo de configuracion no tiene todas las propiedades
[WARNING] 12:55:58:286 Kernel/(7197:7203): El archivo de configuracion quedo invalidado. Ignorando nuevos valores
[INFO] 12:55:58:289 Kernel/(7197:7203): Nuevo valor de METADATA_REFRESH detectado -> 10001
[ERROR] 12:56:02:847 Kernel/(7197:7203): No esta definida la propiedad IP_MEMORIA
[ERROR] 12:56:02:848 Kernel/(7197:7203): El archivo de configuracion no tiene todas las propiedades
[WARNING] 12:56:02:848 Kernel/(7197:7203): El archivo de configuracion quedo invalidado. Ignorando nuevos valores
[INFO] 12:56:02:849 Kernel/(7197:7203): Nuevo valor de SLEEP_EJECUTION detectado -> 5001
[INFO] 12:56:07:444 Kernel/(7197:7203): Nuevo valor de SLEEP_EJECUTION detectado -> 5002
[ERROR] 12:56:11:541 Kernel/(7197:7203): No esta definida la propiedad IP_MEMORIA
[ERROR] 12:56:11:543 Kernel/(7197:7203): El archivo de configuracion no tiene todas las propiedades
[WARNING] 12:56:11:543 Kernel/(7197:7203): El archivo de configuracion quedo invalidado. Ignorando nuevos valores
[INFO] 12:56:11:545 Kernel/(7197:7203): Nuevo valor de METADATA_REFRESH detectado -> 10002
[INFO] 12:57:19:98 Kernel/(7287:7287): Se cargo satisfactoriamente la configuracion
[INFO] 12:57:44:186 Kernel/(7197:7203): Nuevo valor de SLEEP_EJECUTION detectado -> 5003
[INFO] 12:57:44:186 Kernel/(7287:7292): Nuevo valor de SLEEP_EJECUTION detectado -> 5003
[INFO] 12:57:55:600 Kernel/(7197:7203): Nuevo valor de MULTIPROCESAMIENTO detectado -> 6
[INFO] 12:57:55:600 Kernel/(7287:7292): Nuevo valor de MULTIPROCESAMIENTO detectado -> 6
[INFO] 12:57:55:602 Kernel/(7197:7203): Nuevo valor de METADATA_REFRESH detectado -> 10003
[INFO] 12:57:55:602 Kernel/(7287:7292): Nuevo valor de METADATA_REFRESH detectado -> 10003
[INFO] 12:58:10:963 Kernel/(7197:7203): Nuevo valor de MULTIPROCESAMIENTO detectado -> 4
[INFO] 12:58:10:963 Kernel/(7287:7292): Nuevo valor de MULTIPROCESAMIENTO detectado -> 4
